<?xml version="1.0" encoding="UTF-8"?>
<testng-results ignored="0" total="1" passed="1" failed="0" skipped="0">
  <reporter-output>
  </reporter-output>
  <suite started-at="2024-01-07T17:57:46 EST" name="Default suite" finished-at="2024-01-07T17:57:58 EST" duration-ms="12071">
    <groups>
      <group name="cucumber">
        <method signature="AbstractTestNGCucumberTests.runScenario(io.cucumber.testng.PickleWrapper,io.cucumber.testng.FeatureWrapper)[pri:0, instance:runner.RunCuke@a1153bc]" name="runScenario" class="io.cucumber.testng.AbstractTestNGCucumberTests"/>
      </group> <!-- cucumber -->
    </groups>
    <test started-at="2024-01-07T17:57:46 EST" name="Default test" finished-at="2024-01-07T17:57:58 EST" duration-ms="12071">
      <class name="runner.RunCuke">
        <test-method is-config="true" signature="setUpClass(org.testng.ITestContext)[pri:0, instance:runner.RunCuke@a1153bc]" started-at="2024-01-07T17:57:46 EST" name="setUpClass" finished-at="2024-01-07T17:57:46 EST" duration-ms="345" status="PASS">
          <params>
            <param index="0">
              <value>
                <![CDATA[org.testng.TestRunner@1e8fb66f]]>
              </value>
            </param>
          </params>
          <reporter-output>
          </reporter-output>
        </test-method> <!-- setUpClass -->
        <test-method signature="runScenario(io.cucumber.testng.PickleWrapper,io.cucumber.testng.FeatureWrapper)[pri:0, instance:runner.RunCuke@a1153bc]" started-at="2024-01-07T17:57:46 EST" name="runScenario" description="Runs Cucumber Scenarios" data-provider="scenarios" finished-at="2024-01-07T17:57:58 EST" duration-ms="11555" status="PASS">
          <params>
            <param index="0">
              <value>
                <![CDATA["Validate Search Car page"]]>
              </value>
            </param>
            <param index="1">
              <value>
                <![CDATA["Verify the Search car page functionality"]]>
              </value>
            </param>
          </params>
          <reporter-output>
          </reporter-output>
        </test-method> <!-- runScenario -->
        <test-method is-config="true" signature="tearDownClass()[pri:0, instance:runner.RunCuke@a1153bc]" started-at="2024-01-07T17:57:58 EST" name="tearDownClass" finished-at="2024-01-07T17:57:58 EST" duration-ms="155" status="PASS">
          <reporter-output>
          </reporter-output>
        </test-method> <!-- tearDownClass -->
      </class> <!-- runner.RunCuke -->
    </test> <!-- Default test -->
  </suite> <!-- Default suite -->
</testng-results>
